2025-05-07 13:30:47,510 - __main__ - INFO - Model loaded successfully
2025-05-07 13:31:45,954 - __main__ - INFO - Model loaded successfully
2025-05-07 13:40:30,460 - __main__ - INFO - Model loaded successfully
2025-05-07 13:40:33,928 - __main__ - INFO - Model loaded successfully
2025-05-07 15:22:27,390 - __main__ - INFO - Model loaded successfully
2025-05-07 15:25:57,039 - __main__ - INFO - Model loaded successfully
2025-05-07 15:35:01,190 - __main__ - INFO - Model loaded successfully
2025-05-07 15:35:05,021 - __main__ - INFO - Model loaded successfully
2025-05-07 15:35:16,590 - __main__ - WARNING - Invalid token: Signature verification failed
2025-05-07 15:35:16,634 - __main__ - WARNING - Invalid token: Signature verification failed
2025-05-07 15:35:16,949 - __main__ - WARNING - Invalid token: Signature verification failed
2025-05-07 15:35:17,218 - __main__ - WARNING - Invalid token: Signature verification failed
2025-05-07 15:35:17,223 - __main__ - WARNING - Invalid token: Signature verification failed
2025-05-07 15:35:17,266 - __main__ - WARNING - Invalid token: Signature verification failed
2025-05-07 15:35:17,537 - __main__ - WARNING - Invalid token: Signature verification failed
2025-05-07 15:35:17,539 - __main__ - WARNING - Invalid token: Signature verification failed
2025-05-07 15:35:17,585 - __main__ - WARNING - Invalid token: Signature verification failed
2025-05-07 15:35:17,853 - __main__ - WARNING - Invalid token: Signature verification failed
2025-05-07 15:35:17,854 - __main__ - WARNING - Invalid token: Signature verification failed
2025-05-07 15:35:17,902 - __main__ - WARNING - Invalid token: Signature verification failed
2025-05-07 15:35:18,171 - __main__ - WARNING - Invalid token: Signature verification failed
2025-05-07 15:35:18,172 - __main__ - WARNING - Invalid token: Signature verification failed
2025-05-07 15:35:18,217 - __main__ - WARNING - Invalid token: Signature verification failed
2025-05-07 15:35:18,487 - __main__ - WARNING - Invalid token: Signature verification failed
2025-05-07 15:35:18,488 - __main__ - WARNING - Invalid token: Signature verification failed
2025-05-07 15:35:18,534 - __main__ - WARNING - Invalid token: Signature verification failed
2025-05-07 15:35:18,804 - __main__ - WARNING - Invalid token: Signature verification failed
2025-05-07 15:35:18,805 - __main__ - WARNING - Invalid token: Signature verification failed
2025-05-07 15:35:18,852 - __main__ - WARNING - Invalid token: Signature verification failed
2025-05-07 15:35:19,122 - __main__ - WARNING - Invalid token: Signature verification failed
2025-05-07 15:35:19,124 - __main__ - WARNING - Invalid token: Signature verification failed
2025-05-07 15:35:19,170 - __main__ - WARNING - Invalid token: Signature verification failed
2025-05-07 15:35:19,452 - __main__ - WARNING - Invalid token: Signature verification failed
2025-05-07 15:35:19,453 - __main__ - WARNING - Invalid token: Signature verification failed
2025-05-07 15:35:19,498 - __main__ - WARNING - Invalid token: Signature verification failed
2025-05-07 15:35:19,784 - __main__ - WARNING - Invalid token: Signature verification failed
2025-05-07 15:35:19,786 - __main__ - WARNING - Invalid token: Signature verification failed
2025-05-07 15:35:19,814 - __main__ - WARNING - Invalid token: Signature verification failed
2025-05-07 15:35:20,100 - __main__ - WARNING - Invalid token: Signature verification failed
2025-05-07 15:35:20,102 - __main__ - WARNING - Invalid token: Signature verification failed
2025-05-07 15:35:20,132 - __main__ - WARNING - Invalid token: Signature verification failed
2025-05-07 15:35:20,420 - __main__ - WARNING - Invalid token: Signature verification failed
2025-05-07 15:35:20,421 - __main__ - WARNING - Invalid token: Signature verification failed
2025-05-07 15:35:20,451 - __main__ - WARNING - Invalid token: Signature verification failed
2025-05-07 15:35:20,735 - __main__ - WARNING - Invalid token: Signature verification failed
2025-05-07 15:35:20,737 - __main__ - WARNING - Invalid token: Signature verification failed
2025-05-07 15:35:20,766 - __main__ - WARNING - Invalid token: Signature verification failed
2025-05-07 15:35:21,065 - __main__ - WARNING - Invalid token: Signature verification failed
2025-05-07 15:35:21,066 - __main__ - WARNING - Invalid token: Signature verification failed
2025-05-07 15:35:21,080 - __main__ - WARNING - Invalid token: Signature verification failed
2025-05-07 15:35:21,381 - __main__ - WARNING - Invalid token: Signature verification failed
2025-05-07 15:35:21,393 - __main__ - WARNING - Invalid token: Signature verification failed
2025-05-07 15:35:21,699 - __main__ - WARNING - Invalid token: Signature verification failed
2025-05-07 15:35:21,708 - __main__ - WARNING - Invalid token: Signature verification failed
2025-05-07 15:35:22,027 - __main__ - WARNING - Invalid token: Signature verification failed
2025-05-07 15:35:22,028 - __main__ - WARNING - Invalid token: Signature verification failed
2025-05-07 15:35:50,911 - __main__ - WARNING - Invalid token: Subject must be a string
2025-05-07 15:40:12,521 - __main__ - INFO - Model loaded successfully
2025-05-07 15:40:25,070 - __main__ - ERROR - History - Token validation error: Subject must be a string
2025-05-07 15:40:25,395 - __main__ - ERROR - History - Token validation error: Subject must be a string
2025-05-07 15:40:25,647 - __main__ - WARNING - Invalid token: Subject must be a string
2025-05-07 15:40:25,709 - __main__ - WARNING - Invalid token: Subject must be a string
2025-05-07 15:40:25,712 - __main__ - WARNING - Invalid token: Subject must be a string
2025-05-07 15:40:25,960 - __main__ - WARNING - Invalid token: Subject must be a string
2025-05-07 15:40:26,023 - __main__ - WARNING - Invalid token: Subject must be a string
2025-05-07 15:40:26,025 - __main__ - WARNING - Invalid token: Subject must be a string
2025-05-07 15:40:26,277 - __main__ - WARNING - Invalid token: Subject must be a string
2025-05-07 15:40:26,341 - __main__ - WARNING - Invalid token: Subject must be a string
2025-05-07 15:40:26,343 - __main__ - WARNING - Invalid token: Subject must be a string
2025-05-07 15:40:26,596 - __main__ - WARNING - Invalid token: Subject must be a string
2025-05-07 15:40:26,659 - __main__ - WARNING - Invalid token: Subject must be a string
2025-05-07 15:40:26,662 - __main__ - WARNING - Invalid token: Subject must be a string
2025-05-07 15:40:26,911 - __main__ - WARNING - Invalid token: Subject must be a string
2025-05-07 15:40:26,975 - __main__ - WARNING - Invalid token: Subject must be a string
2025-05-07 15:40:26,978 - __main__ - WARNING - Invalid token: Subject must be a string
2025-05-07 15:40:27,223 - __main__ - WARNING - Invalid token: Subject must be a string
2025-05-07 15:40:27,302 - __main__ - WARNING - Invalid token: Subject must be a string
2025-05-07 15:40:27,304 - __main__ - WARNING - Invalid token: Subject must be a string
2025-05-07 15:40:27,538 - __main__ - WARNING - Invalid token: Subject must be a string
2025-05-07 15:40:27,618 - __main__ - WARNING - Invalid token: Subject must be a string
2025-05-07 15:40:27,621 - __main__ - WARNING - Invalid token: Subject must be a string
2025-05-07 15:40:27,854 - __main__ - WARNING - Invalid token: Subject must be a string
2025-05-07 15:40:27,932 - __main__ - WARNING - Invalid token: Subject must be a string
2025-05-07 15:40:27,934 - __main__ - WARNING - Invalid token: Subject must be a string
2025-05-07 15:40:28,179 - __main__ - WARNING - Invalid token: Subject must be a string
2025-05-07 15:40:28,259 - __main__ - WARNING - Invalid token: Subject must be a string
2025-05-07 15:40:28,261 - __main__ - WARNING - Invalid token: Subject must be a string
2025-05-07 15:40:28,490 - __main__ - WARNING - Invalid token: Subject must be a string
2025-05-07 15:40:28,585 - __main__ - WARNING - Invalid token: Subject must be a string
2025-05-07 15:40:28,588 - __main__ - WARNING - Invalid token: Subject must be a string
2025-05-07 15:40:28,801 - __main__ - WARNING - Invalid token: Subject must be a string
2025-05-07 15:40:28,911 - __main__ - WARNING - Invalid token: Subject must be a string
2025-05-07 15:40:28,913 - __main__ - WARNING - Invalid token: Subject must be a string
2025-05-07 15:40:29,130 - __main__ - WARNING - Invalid token: Subject must be a string
2025-05-07 15:40:29,225 - __main__ - WARNING - Invalid token: Subject must be a string
2025-05-07 15:40:29,226 - __main__ - WARNING - Invalid token: Subject must be a string
2025-05-07 15:40:29,444 - __main__ - WARNING - Invalid token: Subject must be a string
2025-05-07 15:40:29,554 - __main__ - WARNING - Invalid token: Subject must be a string
2025-05-07 15:40:29,556 - __main__ - WARNING - Invalid token: Subject must be a string
2025-05-07 15:40:29,757 - __main__ - WARNING - Invalid token: Subject must be a string
2025-05-07 15:40:29,869 - __main__ - WARNING - Invalid token: Subject must be a string
2025-05-07 15:40:29,871 - __main__ - WARNING - Invalid token: Subject must be a string
2025-05-07 15:40:30,089 - __main__ - WARNING - Invalid token: Subject must be a string
2025-05-07 15:40:30,185 - __main__ - WARNING - Invalid token: Subject must be a string
2025-05-07 15:40:30,187 - __main__ - WARNING - Invalid token: Subject must be a string
2025-05-07 15:40:30,404 - __main__ - WARNING - Invalid token: Subject must be a string
2025-05-07 15:40:30,498 - __main__ - WARNING - Invalid token: Subject must be a string
2025-05-07 15:40:30,718 - __main__ - WARNING - Invalid token: Subject must be a string
2025-05-07 15:40:30,812 - __main__ - WARNING - Invalid token: Subject must be a string
2025-05-07 15:40:30,815 - __main__ - WARNING - Invalid token: Subject must be a string
2025-05-07 15:40:31,034 - __main__ - WARNING - Invalid token: Subject must be a string
2025-05-07 15:40:31,127 - __main__ - WARNING - Invalid token: Subject must be a string
2025-05-07 15:40:31,129 - __main__ - WARNING - Invalid token: Subject must be a string
2025-05-07 15:40:31,346 - __main__ - WARNING - Invalid token: Subject must be a string
2025-05-07 15:40:31,441 - __main__ - WARNING - Invalid token: Subject must be a string
2025-05-07 15:40:31,444 - __main__ - WARNING - Invalid token: Subject must be a string
2025-05-07 15:40:31,662 - __main__ - WARNING - Invalid token: Subject must be a string
2025-05-07 15:40:31,770 - __main__ - WARNING - Invalid token: Subject must be a string
2025-05-07 15:40:31,772 - __main__ - WARNING - Invalid token: Subject must be a string
2025-05-07 15:40:31,986 - __main__ - WARNING - Invalid token: Subject must be a string
2025-05-07 15:40:32,094 - __main__ - WARNING - Invalid token: Subject must be a string
2025-05-07 15:40:32,097 - __main__ - WARNING - Invalid token: Subject must be a string
2025-05-07 15:40:32,299 - __main__ - WARNING - Invalid token: Subject must be a string
2025-05-07 15:40:32,409 - __main__ - WARNING - Invalid token: Subject must be a string
2025-05-07 15:40:32,412 - __main__ - WARNING - Invalid token: Subject must be a string
2025-05-07 15:40:32,613 - __main__ - WARNING - Invalid token: Subject must be a string
2025-05-07 15:40:32,737 - __main__ - WARNING - Invalid token: Subject must be a string
2025-05-07 15:40:32,740 - __main__ - WARNING - Invalid token: Subject must be a string
2025-05-07 15:40:32,925 - __main__ - WARNING - Invalid token: Subject must be a string
2025-05-07 15:40:33,067 - __main__ - WARNING - Invalid token: Subject must be a string
2025-05-07 15:40:33,069 - __main__ - WARNING - Invalid token: Subject must be a string
2025-05-07 15:40:33,239 - __main__ - WARNING - Invalid token: Subject must be a string
2025-05-07 15:40:33,381 - __main__ - WARNING - Invalid token: Subject must be a string
2025-05-07 15:40:33,385 - __main__ - WARNING - Invalid token: Subject must be a string
2025-05-07 15:40:33,554 - __main__ - WARNING - Invalid token: Subject must be a string
2025-05-07 15:40:33,711 - __main__ - WARNING - Invalid token: Subject must be a string
2025-05-07 15:40:33,714 - __main__ - WARNING - Invalid token: Subject must be a string
2025-05-07 15:40:33,869 - __main__ - WARNING - Invalid token: Subject must be a string
2025-05-07 15:40:34,025 - __main__ - WARNING - Invalid token: Subject must be a string
2025-05-07 15:40:34,027 - __main__ - WARNING - Invalid token: Subject must be a string
2025-05-07 15:40:34,183 - __main__ - WARNING - Invalid token: Subject must be a string
2025-05-07 15:40:34,339 - __main__ - WARNING - Invalid token: Subject must be a string
2025-05-07 15:40:34,342 - __main__ - WARNING - Invalid token: Subject must be a string
2025-05-07 15:40:34,496 - __main__ - WARNING - Invalid token: Subject must be a string
2025-05-07 15:40:34,654 - __main__ - WARNING - Invalid token: Subject must be a string
2025-05-07 15:40:34,657 - __main__ - WARNING - Invalid token: Subject must be a string
2025-05-07 15:40:34,810 - __main__ - WARNING - Invalid token: Subject must be a string
2025-05-07 15:40:34,969 - __main__ - WARNING - Invalid token: Subject must be a string
2025-05-07 15:40:34,971 - __main__ - WARNING - Invalid token: Subject must be a string
2025-05-07 15:40:35,375 - __main__ - WARNING - Invalid token: Subject must be a string
2025-05-07 15:40:35,377 - __main__ - WARNING - Invalid token: Subject must be a string
2025-05-07 15:40:35,380 - __main__ - ERROR - History - Token validation error: Subject must be a string
2025-05-07 15:40:35,435 - __main__ - WARNING - Invalid token: Subject must be a string
2025-05-07 15:40:35,703 - __main__ - WARNING - Invalid token: Subject must be a string
2025-05-07 15:40:35,705 - __main__ - WARNING - Invalid token: Subject must be a string
2025-05-07 15:40:35,706 - __main__ - ERROR - History - Token validation error: Subject must be a string
2025-05-07 15:40:35,709 - __main__ - WARNING - Invalid token: Subject must be a string
2025-05-07 15:40:36,035 - __main__ - WARNING - Invalid token: Subject must be a string
2025-05-07 15:40:36,075 - __main__ - WARNING - Invalid token: Subject must be a string
2025-05-07 15:40:36,343 - __main__ - WARNING - Invalid token: Subject must be a string
2025-05-07 15:40:36,345 - __main__ - WARNING - Invalid token: Subject must be a string
2025-05-07 15:40:36,348 - __main__ - WARNING - Invalid token: Subject must be a string
2025-05-07 15:40:36,351 - __main__ - WARNING - Invalid token: Subject must be a string
2025-05-07 15:40:36,389 - __main__ - WARNING - Invalid token: Subject must be a string
2025-05-07 15:40:36,665 - __main__ - WARNING - Invalid token: Subject must be a string
2025-05-07 15:40:36,667 - __main__ - WARNING - Invalid token: Subject must be a string
2025-05-07 15:40:36,670 - __main__ - WARNING - Invalid token: Subject must be a string
2025-05-07 15:40:36,674 - __main__ - WARNING - Invalid token: Subject must be a string
2025-05-07 15:40:36,710 - __main__ - WARNING - Invalid token: Subject must be a string
2025-05-07 15:40:36,994 - __main__ - WARNING - Invalid token: Subject must be a string
2025-05-07 15:40:36,995 - __main__ - WARNING - Invalid token: Subject must be a string
2025-05-07 15:40:36,998 - __main__ - WARNING - Invalid token: Subject must be a string
2025-05-07 15:40:37,001 - __main__ - WARNING - Invalid token: Subject must be a string
2025-05-07 15:40:37,025 - __main__ - WARNING - Invalid token: Subject must be a string
2025-05-07 15:40:37,322 - __main__ - WARNING - Invalid token: Subject must be a string
2025-05-07 15:40:37,323 - __main__ - WARNING - Invalid token: Subject must be a string
2025-05-07 15:40:37,325 - __main__ - WARNING - Invalid token: Subject must be a string
2025-05-07 15:40:37,327 - __main__ - WARNING - Invalid token: Subject must be a string
2025-05-07 15:40:37,342 - __main__ - WARNING - Invalid token: Subject must be a string
2025-05-07 15:40:37,651 - __main__ - WARNING - Invalid token: Subject must be a string
2025-05-07 15:40:37,652 - __main__ - WARNING - Invalid token: Subject must be a string
2025-05-07 15:40:37,653 - __main__ - WARNING - Invalid token: Subject must be a string
2025-05-07 15:40:37,656 - __main__ - WARNING - Invalid token: Subject must be a string
2025-05-07 15:40:37,678 - __main__ - WARNING - Invalid token: Subject must be a string
2025-05-07 15:40:37,996 - __main__ - WARNING - Invalid token: Subject must be a string
2025-05-07 15:40:37,999 - __main__ - WARNING - Invalid token: Subject must be a string
2025-05-07 15:40:38,001 - __main__ - WARNING - Invalid token: Subject must be a string
2025-05-07 15:40:38,005 - __main__ - WARNING - Invalid token: Subject must be a string
2025-05-07 15:40:38,309 - __main__ - WARNING - Invalid token: Subject must be a string
2025-05-07 15:40:38,314 - __main__ - WARNING - Invalid token: Subject must be a string
2025-05-07 15:40:38,320 - __main__ - WARNING - Invalid token: Subject must be a string
2025-05-07 15:40:38,327 - __main__ - WARNING - Invalid token: Subject must be a string
2025-05-07 15:40:38,623 - __main__ - WARNING - Invalid token: Subject must be a string
2025-05-07 15:40:38,629 - __main__ - WARNING - Invalid token: Subject must be a string
2025-05-07 15:40:38,637 - __main__ - WARNING - Invalid token: Subject must be a string
2025-05-07 15:40:38,643 - __main__ - WARNING - Invalid token: Subject must be a string
2025-05-07 15:40:38,937 - __main__ - WARNING - Invalid token: Subject must be a string
2025-05-07 15:40:38,943 - __main__ - WARNING - Invalid token: Subject must be a string
2025-05-07 15:40:38,952 - __main__ - WARNING - Invalid token: Subject must be a string
2025-05-07 15:40:38,960 - __main__ - WARNING - Invalid token: Subject must be a string
2025-05-07 15:40:39,264 - __main__ - WARNING - Invalid token: Subject must be a string
2025-05-07 15:40:39,266 - __main__ - WARNING - Invalid token: Subject must be a string
2025-05-07 15:40:39,269 - __main__ - WARNING - Invalid token: Subject must be a string
2025-05-07 15:40:39,272 - __main__ - WARNING - Invalid token: Subject must be a string
2025-05-07 15:40:39,596 - __main__ - WARNING - Invalid token: Subject must be a string
2025-05-07 15:40:39,597 - __main__ - WARNING - Invalid token: Subject must be a string
2025-05-07 15:40:39,599 - __main__ - WARNING - Invalid token: Subject must be a string
2025-05-07 15:40:39,602 - __main__ - WARNING - Invalid token: Subject must be a string
2025-05-07 15:40:39,924 - __main__ - WARNING - Invalid token: Subject must be a string
2025-05-07 15:40:39,925 - __main__ - WARNING - Invalid token: Subject must be a string
2025-05-07 15:40:39,928 - __main__ - WARNING - Invalid token: Subject must be a string
2025-05-07 15:40:39,930 - __main__ - WARNING - Invalid token: Subject must be a string
2025-05-07 15:40:40,254 - __main__ - WARNING - Invalid token: Subject must be a string
2025-05-07 15:40:40,255 - __main__ - WARNING - Invalid token: Subject must be a string
2025-05-07 15:40:40,258 - __main__ - WARNING - Invalid token: Subject must be a string
2025-05-07 15:40:40,260 - __main__ - WARNING - Invalid token: Subject must be a string
2025-05-07 15:40:40,583 - __main__ - WARNING - Invalid token: Subject must be a string
2025-05-07 15:40:40,584 - __main__ - WARNING - Invalid token: Subject must be a string
2025-05-07 15:40:40,586 - __main__ - WARNING - Invalid token: Subject must be a string
2025-05-07 15:40:40,589 - __main__ - WARNING - Invalid token: Subject must be a string
2025-05-07 15:40:40,899 - __main__ - WARNING - Invalid token: Subject must be a string
2025-05-07 15:40:40,903 - __main__ - WARNING - Invalid token: Subject must be a string
2025-05-07 15:40:40,906 - __main__ - WARNING - Invalid token: Subject must be a string
2025-05-07 15:40:40,911 - __main__ - WARNING - Invalid token: Subject must be a string
2025-05-07 15:40:41,214 - __main__ - WARNING - Invalid token: Subject must be a string
2025-05-07 15:40:41,219 - __main__ - WARNING - Invalid token: Subject must be a string
2025-05-07 15:40:41,226 - __main__ - WARNING - Invalid token: Subject must be a string
2025-05-07 15:40:41,231 - __main__ - WARNING - Invalid token: Subject must be a string
2025-05-07 15:40:41,855 - __main__ - WARNING - Invalid token: Subject must be a string
2025-05-07 15:40:41,858 - __main__ - WARNING - Invalid token: Subject must be a string
2025-05-07 15:40:41,860 - __main__ - WARNING - Invalid token: Subject must be a string
2025-05-07 15:40:41,864 - __main__ - WARNING - Invalid token: Subject must be a string
2025-05-07 15:40:42,186 - __main__ - WARNING - Invalid token: Subject must be a string
2025-05-07 15:40:42,187 - __main__ - WARNING - Invalid token: Subject must be a string
2025-05-07 15:40:42,188 - __main__ - WARNING - Invalid token: Subject must be a string
2025-05-07 15:40:42,191 - __main__ - WARNING - Invalid token: Subject must be a string
2025-05-07 15:40:42,513 - __main__ - WARNING - Invalid token: Subject must be a string
2025-05-07 15:40:42,514 - __main__ - WARNING - Invalid token: Subject must be a string
2025-05-07 15:40:42,516 - __main__ - WARNING - Invalid token: Subject must be a string
2025-05-07 15:40:42,519 - __main__ - WARNING - Invalid token: Subject must be a string
2025-05-07 15:40:42,779 - __main__ - WARNING - Invalid token: Subject must be a string
2025-05-07 15:40:42,842 - __main__ - WARNING - Invalid token: Subject must be a string
2025-05-07 15:40:42,843 - __main__ - WARNING - Invalid token: Subject must be a string
2025-05-07 15:40:42,846 - __main__ - WARNING - Invalid token: Subject must be a string
2025-05-07 15:40:42,849 - __main__ - WARNING - Invalid token: Subject must be a string
2025-05-07 15:40:43,105 - __main__ - WARNING - Invalid token: Subject must be a string
2025-05-07 15:40:43,170 - __main__ - WARNING - Invalid token: Subject must be a string
2025-05-07 15:40:43,171 - __main__ - WARNING - Invalid token: Subject must be a string
2025-05-07 15:40:43,174 - __main__ - WARNING - Invalid token: Subject must be a string
2025-05-07 15:40:43,176 - __main__ - WARNING - Invalid token: Subject must be a string
2025-05-07 15:40:43,419 - __main__ - WARNING - Invalid token: Subject must be a string
2025-05-07 15:40:43,497 - __main__ - WARNING - Invalid token: Subject must be a string
2025-05-07 15:40:43,499 - __main__ - WARNING - Invalid token: Subject must be a string
2025-05-07 15:40:43,500 - __main__ - WARNING - Invalid token: Subject must be a string
2025-05-07 15:40:43,503 - __main__ - WARNING - Invalid token: Subject must be a string
2025-05-07 15:40:43,732 - __main__ - WARNING - Invalid token: Subject must be a string
2025-05-07 15:40:43,827 - __main__ - WARNING - Invalid token: Subject must be a string
2025-05-07 15:40:43,828 - __main__ - WARNING - Invalid token: Subject must be a string
2025-05-07 15:40:43,829 - __main__ - WARNING - Invalid token: Subject must be a string
2025-05-07 15:40:43,832 - __main__ - WARNING - Invalid token: Subject must be a string
2025-05-07 15:40:44,049 - __main__ - WARNING - Invalid token: Subject must be a string
2025-05-07 15:40:44,158 - __main__ - WARNING - Invalid token: Subject must be a string
2025-05-07 15:40:44,159 - __main__ - WARNING - Invalid token: Subject must be a string
2025-05-07 15:40:44,161 - __main__ - WARNING - Invalid token: Subject must be a string
2025-05-07 15:40:44,163 - __main__ - WARNING - Invalid token: Subject must be a string
2025-05-07 15:40:44,361 - __main__ - WARNING - Invalid token: Subject must be a string
2025-05-07 15:40:44,489 - __main__ - WARNING - Invalid token: Subject must be a string
2025-05-07 15:40:44,490 - __main__ - WARNING - Invalid token: Subject must be a string
2025-05-07 15:40:44,492 - __main__ - WARNING - Invalid token: Subject must be a string
2025-05-07 15:40:44,495 - __main__ - WARNING - Invalid token: Subject must be a string
2025-05-07 15:40:44,677 - __main__ - WARNING - Invalid token: Subject must be a string
2025-05-07 15:40:44,820 - __main__ - WARNING - Invalid token: Subject must be a string
2025-05-07 15:40:44,821 - __main__ - WARNING - Invalid token: Subject must be a string
2025-05-07 15:40:44,823 - __main__ - WARNING - Invalid token: Subject must be a string
2025-05-07 15:40:44,825 - __main__ - WARNING - Invalid token: Subject must be a string
2025-05-07 15:40:44,991 - __main__ - WARNING - Invalid token: Subject must be a string
2025-05-07 15:40:45,146 - __main__ - WARNING - Invalid token: Subject must be a string
2025-05-07 15:40:45,147 - __main__ - WARNING - Invalid token: Subject must be a string
2025-05-07 15:40:45,150 - __main__ - WARNING - Invalid token: Subject must be a string
2025-05-07 15:40:45,152 - __main__ - WARNING - Invalid token: Subject must be a string
2025-05-07 15:40:45,317 - __main__ - WARNING - Invalid token: Subject must be a string
2025-05-07 15:40:45,474 - __main__ - WARNING - Invalid token: Subject must be a string
2025-05-07 15:40:45,475 - __main__ - WARNING - Invalid token: Subject must be a string
2025-05-07 15:40:45,476 - __main__ - WARNING - Invalid token: Subject must be a string
2025-05-07 15:40:45,479 - __main__ - WARNING - Invalid token: Subject must be a string
2025-05-07 15:40:45,632 - __main__ - WARNING - Invalid token: Subject must be a string
2025-05-07 15:40:45,806 - __main__ - WARNING - Invalid token: Subject must be a string
2025-05-07 15:40:45,807 - __main__ - WARNING - Invalid token: Subject must be a string
2025-05-07 15:40:45,809 - __main__ - WARNING - Invalid token: Subject must be a string
2025-05-07 15:40:45,812 - __main__ - WARNING - Invalid token: Subject must be a string
2025-05-07 15:40:45,944 - __main__ - WARNING - Invalid token: Subject must be a string
2025-05-07 15:40:46,132 - __main__ - WARNING - Invalid token: Subject must be a string
2025-05-07 15:40:46,135 - __main__ - WARNING - Invalid token: Subject must be a string
2025-05-07 15:40:46,138 - __main__ - WARNING - Invalid token: Subject must be a string
2025-05-07 15:40:46,142 - __main__ - WARNING - Invalid token: Subject must be a string
2025-05-07 15:40:46,259 - __main__ - WARNING - Invalid token: Subject must be a string
2025-05-07 15:40:46,446 - __main__ - WARNING - Invalid token: Subject must be a string
2025-05-07 15:40:46,451 - __main__ - WARNING - Invalid token: Subject must be a string
2025-05-07 15:40:46,457 - __main__ - WARNING - Invalid token: Subject must be a string
2025-05-07 15:40:46,458 - __main__ - WARNING - Invalid token: Subject must be a string
2025-05-07 15:40:46,582 - __main__ - WARNING - Invalid token: Subject must be a string
2025-05-07 15:40:46,772 - __main__ - WARNING - Invalid token: Subject must be a string
2025-05-07 15:40:46,773 - __main__ - WARNING - Invalid token: Subject must be a string
2025-05-07 15:40:46,775 - __main__ - WARNING - Invalid token: Subject must be a string
2025-05-07 15:40:47,093 - __main__ - ERROR - Profile - Token validation error: Subject must be a string
2025-05-07 15:40:48,252 - __main__ - ERROR - Profile - Token validation error: Subject must be a string
2025-05-07 15:41:10,497 - __main__ - INFO - Received a prediction request
2025-05-07 15:41:10,498 - __main__ - ERROR - Token validation error: Subject must be a string
2025-05-07 15:45:46,059 - __main__ - INFO - Model loaded successfully
2025-05-07 15:47:17,864 - __main__ - INFO - Received a prediction request
2025-05-07 15:47:17,872 - __main__ - WARNING - Input validation failed: Invalid slope of ST value
2025-05-07 15:47:57,072 - __main__ - INFO - Received a prediction request
2025-05-07 15:47:57,297 - __main__ - ERROR - Unhandled exception during prediction
Traceback (most recent call last):
  File "D:\Projects\Lab-Project-\venv\Lib\site-packages\sqlalchemy\engine\base.py", line 1964, in _exec_single_context
    self.dialect.do_execute(
  File "D:\Projects\Lab-Project-\venv\Lib\site-packages\sqlalchemy\engine\default.py", line 945, in do_execute
    cursor.execute(statement, parameters)
sqlite3.OperationalError: table prediction_history has no column named age

The above exception was the direct cause of the following exception:

Traceback (most recent call last):
  File "D:\Projects\Lab-Project-\app.py", line 185, in predict
    db.session.commit()
  File "D:\Projects\Lab-Project-\venv\Lib\site-packages\sqlalchemy\orm\scoping.py", line 599, in commit
    return self._proxied.commit()
           ^^^^^^^^^^^^^^^^^^^^^^
  File "D:\Projects\Lab-Project-\venv\Lib\site-packages\sqlalchemy\orm\session.py", line 2032, in commit
    trans.commit(_to_root=True)
  File "<string>", line 2, in commit
  File "D:\Projects\Lab-Project-\venv\Lib\site-packages\sqlalchemy\orm\state_changes.py", line 139, in _go
    ret_value = fn(self, *arg, **kw)
                ^^^^^^^^^^^^^^^^^^^^
  File "D:\Projects\Lab-Project-\venv\Lib\site-packages\sqlalchemy\orm\session.py", line 1313, in commit
    self._prepare_impl()
  File "<string>", line 2, in _prepare_impl
  File "D:\Projects\Lab-Project-\venv\Lib\site-packages\sqlalchemy\orm\state_changes.py", line 139, in _go
    ret_value = fn(self, *arg, **kw)
                ^^^^^^^^^^^^^^^^^^^^
  File "D:\Projects\Lab-Project-\venv\Lib\site-packages\sqlalchemy\orm\session.py", line 1288, in _prepare_impl
    self.session.flush()
  File "D:\Projects\Lab-Project-\venv\Lib\site-packages\sqlalchemy\orm\session.py", line 4353, in flush
    self._flush(objects)
  File "D:\Projects\Lab-Project-\venv\Lib\site-packages\sqlalchemy\orm\session.py", line 4488, in _flush
    with util.safe_reraise():
  File "D:\Projects\Lab-Project-\venv\Lib\site-packages\sqlalchemy\util\langhelpers.py", line 146, in __exit__
    raise exc_value.with_traceback(exc_tb)
  File "D:\Projects\Lab-Project-\venv\Lib\site-packages\sqlalchemy\orm\session.py", line 4449, in _flush
    flush_context.execute()
  File "D:\Projects\Lab-Project-\venv\Lib\site-packages\sqlalchemy\orm\unitofwork.py", line 466, in execute
    rec.execute(self)
  File "D:\Projects\Lab-Project-\venv\Lib\site-packages\sqlalchemy\orm\unitofwork.py", line 642, in execute
    util.preloaded.orm_persistence.save_obj(
  File "D:\Projects\Lab-Project-\venv\Lib\site-packages\sqlalchemy\orm\persistence.py", line 93, in save_obj
    _emit_insert_statements(
  File "D:\Projects\Lab-Project-\venv\Lib\site-packages\sqlalchemy\orm\persistence.py", line 1233, in _emit_insert_statements
    result = connection.execute(
             ^^^^^^^^^^^^^^^^^^^
  File "D:\Projects\Lab-Project-\venv\Lib\site-packages\sqlalchemy\engine\base.py", line 1416, in execute
    return meth(
           ^^^^^
  File "D:\Projects\Lab-Project-\venv\Lib\site-packages\sqlalchemy\sql\elements.py", line 523, in _execute_on_connection
    return connection._execute_clauseelement(
           ^^^^^^^^^^^^^^^^^^^^^^^^^^^^^^^^^^
  File "D:\Projects\Lab-Project-\venv\Lib\site-packages\sqlalchemy\engine\base.py", line 1638, in _execute_clauseelement
    ret = self._execute_context(
          ^^^^^^^^^^^^^^^^^^^^^^
  File "D:\Projects\Lab-Project-\venv\Lib\site-packages\sqlalchemy\engine\base.py", line 1843, in _execute_context
    return self._exec_single_context(
           ^^^^^^^^^^^^^^^^^^^^^^^^^^
  File "D:\Projects\Lab-Project-\venv\Lib\site-packages\sqlalchemy\engine\base.py", line 1983, in _exec_single_context
    self._handle_dbapi_exception(
  File "D:\Projects\Lab-Project-\venv\Lib\site-packages\sqlalchemy\engine\base.py", line 2352, in _handle_dbapi_exception
    raise sqlalchemy_exception.with_traceback(exc_info[2]) from e
  File "D:\Projects\Lab-Project-\venv\Lib\site-packages\sqlalchemy\engine\base.py", line 1964, in _exec_single_context
    self.dialect.do_execute(
  File "D:\Projects\Lab-Project-\venv\Lib\site-packages\sqlalchemy\engine\default.py", line 945, in do_execute
    cursor.execute(statement, parameters)
sqlalchemy.exc.OperationalError: (sqlite3.OperationalError) table prediction_history has no column named age
[SQL: INSERT INTO prediction_history (age, sex, chest_pain_type, bp, cholesterol, fbs_over_120, ekg_results, max_hr, exercise_angina, st_depression, slope_of_st, number_of_vessels_fluro, thallium, prediction_result, prediction_date) VALUES (?, ?, ?, ?, ?, ?, ?, ?, ?, ?, ?, ?, ?, ?, ?)]
[parameters: (63, 1, 3, 145, 233, 1, 0, 150, 0, 2.3, 2, 0, 6, 0, '2025-05-07 12:47:57.290406')]
(Background on this error at: https://sqlalche.me/e/20/e3q8)
2025-05-07 15:49:48,891 - __main__ - INFO - Model loaded successfully
2025-05-07 15:49:58,169 - __main__ - INFO - Received a prediction request
